<?xml version="1.0" encoding="UTF-8"?>
<testng-results skipped="0" failed="0" total="1" passed="1">
  <reporter-output>
  </reporter-output>
  <suite name="Default suite" duration-ms="1146" started-at="2019-05-07T04:42:54Z" finished-at="2019-05-07T04:42:55Z">
    <groups>
    </groups>
    <test name="Default test" duration-ms="1146" started-at="2019-05-07T04:42:54Z" finished-at="2019-05-07T04:42:55Z">
      <class name="TestAWS.UploadExcel_ReadExcel_DeleteExcel">
        <test-method status="PASS" signature="beforeTest()[pri:0, instance:TestAWS.UploadExcel_ReadExcel_DeleteExcel@4d41cee]" name="beforeTest" is-config="true" duration-ms="652" started-at="2019-05-07T00:42:54Z" finished-at="2019-05-07T00:42:55Z">
          <reporter-output>
          </reporter-output>
        </test-method> <!-- beforeTest -->
        <test-method status="PASS" signature="download()[pri:0, instance:TestAWS.UploadExcel_ReadExcel_DeleteExcel@4d41cee]" name="download" duration-ms="484" started-at="2019-05-07T00:42:55Z" finished-at="2019-05-07T00:42:55Z">
          <reporter-output>
          </reporter-output>
        </test-method> <!-- download -->
      </class> <!-- TestAWS.UploadExcel_ReadExcel_DeleteExcel -->
    </test> <!-- Default test -->
  </suite> <!-- Default suite -->
</testng-results>
