<?xml version="1.0" encoding="UTF-8"?>
<testng-results skipped="0" failed="0" total="1" passed="1">
  <reporter-output>
  </reporter-output>
  <suite name="Default suite" duration-ms="1055" started-at="2019-04-27T03:18:12Z" finished-at="2019-04-27T03:18:14Z">
    <groups>
    </groups>
    <test name="Default test" duration-ms="1055" started-at="2019-04-27T03:18:12Z" finished-at="2019-04-27T03:18:14Z">
      <class name="TestAWS.DeleteBucket">
        <test-method status="PASS" signature="testDeleteBucket()[pri:0, instance:TestAWS.DeleteBucket@754ba872]" name="testDeleteBucket" duration-ms="1042" started-at="2019-04-26T23:18:12Z" finished-at="2019-04-26T23:18:14Z">
          <reporter-output>
          </reporter-output>
        </test-method> <!-- testDeleteBucket -->
      </class> <!-- TestAWS.DeleteBucket -->
    </test> <!-- Default test -->
  </suite> <!-- Default suite -->
</testng-results>
